<?xml version="1.0" encoding="UTF-8"?>
<!-- Generated by org.testng.reporters.JUnitReportReporter -->
<testsuite hostname="DESKTOP-DV5LFHQ" failures="0" tests="4" name="Vtiger.organization.tests.CreateOrganizationWithMultipleIndustryAndTypeTest" time="192.287" errors="0" timestamp="2023-03-30T12:00:04 IST" skipped="0">
  <testcase classname="Vtiger.organization.tests.CreateOrganizationWithMultipleIndustryAndTypeTest" name="createOrgIndTypeTest" time="45.310"/>
  <system-out/>
  <testcase classname="Vtiger.organization.tests.CreateOrganizationWithMultipleIndustryAndTypeTest" name="createOrgIndTypeTest" time="41.139"/>
  <system-out/>
  <testcase classname="Vtiger.organization.tests.CreateOrganizationWithMultipleIndustryAndTypeTest" name="createOrgIndTypeTest" time="56.310"/>
  <system-out/>
  <testcase classname="Vtiger.organization.tests.CreateOrganizationWithMultipleIndustryAndTypeTest" name="createOrgIndTypeTest" time="49.528"/>
  <system-out/>
</testsuite> <!-- Vtiger.organization.tests.CreateOrganizationWithMultipleIndustryAndTypeTest -->
