<?xml version="1.0" encoding="UTF-8"?>
<!-- Generated by org.testng.reporters.JUnitReportReporter -->
<testsuite hostname="DESKTOP-DV5LFHQ" failures="0" tests="4" name="Vtiger.organization.tests.CreateOrganizationWithMultipleData" time="179.562" errors="0" timestamp="2023-03-30T12:00:04 IST" skipped="0">
  <testcase classname="Vtiger.organization.tests.CreateOrganizationWithMultipleData" name="createOrgWithIndustryTest" time="41.149"/>
  <system-out/>
  <testcase classname="Vtiger.organization.tests.CreateOrganizationWithMultipleData" name="createOrgWithIndustryTest" time="44.840"/>
  <system-out/>
  <testcase classname="Vtiger.organization.tests.CreateOrganizationWithMultipleData" name="createOrgWithIndustryTest" time="39.323"/>
  <system-out/>
  <testcase classname="Vtiger.organization.tests.CreateOrganizationWithMultipleData" name="createOrgWithIndustryTest" time="54.250"/>
  <system-out/>
</testsuite> <!-- Vtiger.organization.tests.CreateOrganizationWithMultipleData -->
