<?xml version="1.0" encoding="UTF-8"?>
<!-- Generated by org.testng.reporters.JUnitReportReporter -->
<testsuite hostname="DESKTOP-DV5LFHQ" failures="0" tests="4" name="Vtiger.Practise.DataProviderPractise" time="0.040" errors="0" timestamp="2023-03-27T11:44:38 IST" skipped="0">
  <testcase classname="Vtiger.Practise.DataProviderPractise" name="addToCart" time="0.020"/>
  <system-out/>
  <testcase classname="Vtiger.Practise.DataProviderPractise" name="addToNextCart" time="0.007"/>
  <system-out/>
  <testcase classname="Vtiger.Practise.DataProviderPractise" name="addToCart" time="0.005"/>
  <system-out/>
  <testcase classname="Vtiger.Practise.DataProviderPractise" name="addToNextCart" time="0.008"/>
  <system-out/>
</testsuite> <!-- Vtiger.Practise.DataProviderPractise -->
