<?xml version="1.0" encoding="UTF-8"?>
<!-- Generated by org.testng.reporters.JUnitReportReporter -->
<testsuite hostname="DESKTOP-DV5LFHQ" failures="0" tests="1" name="Vtiger.organization.tests.CreateOrganizationTest" time="188.536" errors="0" timestamp="2023-04-10T12:54:56 IST" skipped="0">
  <testcase classname="Vtiger.organization.tests.CreateOrganizationTest" name="CreateOrgTest" time="188.536"/>
  <system-out/>
</testsuite> <!-- Vtiger.organization.tests.CreateOrganizationTest -->
